Build started 12/29/2014 10:41:25 AM.
     1>Project "C:\Users\ssmeleh\Documents\Visual Studio 2013\Projects\andy-robi\Andy\Andy.vcxproj" on node 2 (Rebuild target(s)).
     1>ClCompile:
         C:\Program Files (x86)\Microsoft Visual Studio 12.0\VC\bin\CL.exe /c /I"C:\Program Files (x86)\Intel\RSSDK\\include" /IC:\opencv\build\include /I"C:\Program Files (x86)\Visual Leak Detector\include" /Zi /nologo /W3 /WX- /sdl /O2 /Oi /Oy- /GL /D WIN32 /D NDEBUG /D _CONSOLE /D _LIB /D _CRT_SECURE_NO_WARNINGS /D _UNICODE /D UNICODE /Gm- /EHsc /MT /GS /Gy /Zc:wchar_t /Zc:forScope /Fo"Release\\" /Fd"Release\vc120.pdb" /Gd /TP /wd4290 /analyze- /errorReport:prompt IKConverter.cpp main.cpp PracticalSocket.cpp RobotFunctions.cpp
         IKConverter.cpp
     1>IKConverter.cpp(16): warning C4244: 'return' : conversion from 'double' to 'float', possible loss of data
     1>IKConverter.cpp(21): warning C4244: 'return' : conversion from 'double' to 'float', possible loss of data
     1>IKConverter.cpp(56): warning C4244: 'initializing' : conversion from 'double' to 'float', possible loss of data
     1>IKConverter.cpp(75): warning C4244: 'argument' : conversion from 'double' to 'float', possible loss of data
     1>IKConverter.cpp(79): warning C4244: 'argument' : conversion from 'double' to 'float', possible loss of data
     1>IKConverter.cpp(88): warning C4244: 'argument' : conversion from 'double' to 'float', possible loss of data
     1>IKConverter.cpp(103): warning C4244: '=' : conversion from 'double' to 'float', possible loss of data
     1>IKConverter.cpp(104): warning C4244: '=' : conversion from 'double' to 'float', possible loss of data
         main.cpp
     1>main.cpp(173): warning C4305: 'argument' : truncation from 'double' to 'float'
     1>main.cpp(174): warning C4305: 'argument' : truncation from 'double' to 'float'
     1>main.cpp(176): warning C4305: 'argument' : truncation from 'double' to 'float'
     1>main.cpp(187): warning C4305: 'argument' : truncation from 'double' to 'float'
     1>main.cpp(187): warning C4244: '=' : conversion from 'float' to 'uint8_t', possible loss of data
     1>main.cpp(188): warning C4305: 'argument' : truncation from 'double' to 'float'
     1>main.cpp(188): warning C4244: '=' : conversion from 'float' to 'uint8_t', possible loss of data
     1>main.cpp(189): warning C4305: 'argument' : truncation from 'double' to 'float'
     1>main.cpp(189): warning C4244: '=' : conversion from 'float' to 'uint8_t', possible loss of data
     1>main.cpp(191): warning C4305: 'argument' : truncation from 'double' to 'float'
     1>main.cpp(191): warning C4244: '=' : conversion from 'float' to 'uint8_t', possible loss of data
     1>main.cpp(222): warning C4244: '=' : conversion from 'float' to 'uint8_t', possible loss of data
     1>main.cpp(223): warning C4244: '=' : conversion from 'float' to 'uint8_t', possible loss of data
     1>main.cpp(224): warning C4244: '=' : conversion from 'float' to 'uint8_t', possible loss of data
     1>main.cpp(225): warning C4244: '=' : conversion from 'float' to 'uint8_t', possible loss of data
     1>main.cpp(283): warning C4244: 'argument' : conversion from 'pxcF32' to 'int', possible loss of data
     1>main.cpp(411): warning C4800: 'pxcBool' : forcing value to bool 'true' or 'false' (performance warning)
         PracticalSocket.cpp
         RobotFunctions.cpp
       Link:
         C:\Program Files (x86)\Microsoft Visual Studio 12.0\VC\bin\link.exe /ERRORREPORT:PROMPT /OUT:"C:\Users\ssmeleh\Documents\Visual Studio 2013\Projects\andy-robi\Release\Andy.exe" /INCREMENTAL:NO /NOLOGO /LIBPATH:C:\opencv\build\x86\vc12\lib /LIBPATH:../common/lib/Win32/v120 /LIBPATH:../../lib/Win32 /LIBPATH:"C:\Program Files (x86)\Intel\RSSDK\/lib/Win32" /LIBPATH:"C:\Program Files (x86)\Intel\RSSDK\/sample/common/lib/Win32/v120" libpxc.lib libpxcutils.lib oleaut32.lib user32.lib odbccp32.lib ole32.lib advapi32.lib shell32.lib gdi32.lib comdlg32.lib uuid.lib winspool.lib odbc32.lib kernel32.lib comctl32.lib opencv_core2410.lib opencv_highgui2410.lib wsock32.lib kernel32.lib user32.lib gdi32.lib winspool.lib comdlg32.lib advapi32.lib shell32.lib ole32.lib oleaut32.lib uuid.lib odbc32.lib odbccp32.lib /MANIFEST /MANIFESTUAC:"level='asInvoker' uiAccess='false'" /manifest:embed /DEBUG /PDB:"C:\Users\ssmeleh\Documents\Visual Studio 2013\Projects\andy-robi\Release\Andy.pdb" /SUBSYSTEM:CONSOLE /OPT:REF /OPT:ICF /LTCG /TLBID:1 /DYNAMICBASE /NXCOMPAT /IMPLIB:"C:\Users\ssmeleh\Documents\Visual Studio 2013\Projects\andy-robi\Release\Andy.lib" /MACHINE:X86 /SAFESEH Release\IKConverter.obj
         Release\main.obj
         Release\PracticalSocket.obj
         Release\RobotFunctions.obj
         Generating code
         Finished generating code
         Andy.vcxproj -> C:\Users\ssmeleh\Documents\Visual Studio 2013\Projects\andy-robi\Release\Andy.exe
     1>Done Building Project "C:\Users\ssmeleh\Documents\Visual Studio 2013\Projects\andy-robi\Andy\Andy.vcxproj" (Rebuild target(s)).

Build succeeded.

Time Elapsed 00:00:06.35
